[debug] [2024-09-04T04:04:37.312Z] ----------------------------------------------------------------------
[debug] [2024-09-04T04:04:37.316Z] Command:       C:\Program Files\nodejs\node.exe C:\Users\bryan\AppData\Roaming\npm\node_modules\firebase-tools\lib\bin\firebase.js init
[debug] [2024-09-04T04:04:37.317Z] CLI Version:   13.16.0
[debug] [2024-09-04T04:04:37.317Z] Platform:      win32
[debug] [2024-09-04T04:04:37.317Z] Node Version:  v20.17.0
[debug] [2024-09-04T04:04:37.317Z] Time:          Tue Sep 03 2024 21:04:37 GMT-0700 (Pacific Daylight Saving Time)
[debug] [2024-09-04T04:04:37.318Z] ----------------------------------------------------------------------
[debug] 
[debug] [2024-09-04T04:04:37.326Z] > command requires scopes: ["email","openid","https://www.googleapis.com/auth/cloudplatformprojects.readonly","https://www.googleapis.com/auth/firebase","https://www.googleapis.com/auth/cloud-platform"]
[debug] [2024-09-04T04:04:37.327Z] > authorizing via signed-in user (bryanamtech@gmail.com)
[info] 
     ######## #### ########  ######## ########     ###     ######  ########
     ##        ##  ##     ## ##       ##     ##  ##   ##  ##       ##
     ######    ##  ########  ######   ########  #########  ######  ######
     ##        ##  ##    ##  ##       ##     ## ##     ##       ## ##
     ##       #### ##     ## ######## ########  ##     ##  ######  ########

You're about to initialize a Firebase project in this directory:

  C:\Users\bryan\Desktop\Quiz3

[info] 
=== Project Setup
[info] 
[info] First, let's associate this project directory with a Firebase project.
[info] You can create multiple project aliases by running firebase use --add, 
[info] but for now we'll just set up a default project.
[info] 
[debug] [2024-09-04T04:06:22.786Z] > refreshing access token with scopes: []
[debug] [2024-09-04T04:06:22.790Z] >>> [apiv2][query] POST https://www.googleapis.com/oauth2/v3/token [none]
[debug] [2024-09-04T04:06:22.790Z] >>> [apiv2][body] POST https://www.googleapis.com/oauth2/v3/token [omitted]
[debug] [2024-09-04T04:06:23.033Z] <<< [apiv2][status] POST https://www.googleapis.com/oauth2/v3/token 200
[debug] [2024-09-04T04:06:23.034Z] <<< [apiv2][body] POST https://www.googleapis.com/oauth2/v3/token [omitted]
[debug] [2024-09-04T04:06:23.047Z] >>> [apiv2][query] GET https://firebase.googleapis.com/v1beta1/projects pageSize=100
[debug] [2024-09-04T04:06:23.362Z] <<< [apiv2][status] GET https://firebase.googleapis.com/v1beta1/projects 200
[debug] [2024-09-04T04:06:23.362Z] <<< [apiv2][body] GET https://firebase.googleapis.com/v1beta1/projects [omitted]
